3844362:623#0002617-041_Коричнево-черный
2856061:645#000497-511-16_беж
2823628:584#000615-310-1182_белые
2823521:584#000695-210-10_белые
2823522:584#000697-210-1079_белые
2823523:667#000697-210-1082_белые
3844292:702#01010468_Черный
2923155:675#01011114.29Y_синие
2823621:623#01011114_коричневые
3084577:624#01041477_красные
2856069:686#01041637_темно-зеленые
3844293:623#01150468_Леопардовый
2823484:674#02353-057-M_серые
2823517:702#02353-097-M_черные
3844369:608#03D2819A_Бело-синий
2975221:688#06040711_темно-коричневые
3084590:702#06041087_черные
2975226:702#06041145_черные
3084539:674#076696_серые
2823532:675#077709_синие
2856076:675#079130_синие
3844348:675#08738141_Синий
3803115:702#0887374_черные
3940298:675#09741305_синие
2856079:674#1000-1059_серый
2949129:157207#102B-3691_белые
2856085:584#103309-01_бело-бирюзовые
2856086:624#103431-01_красные
2975232:675#10638557_синие
3844282:675#10737606_Синий
3940310:613#10738468_Желтый
3803157:674#10738469_Серый
3844367:675#10778473_Сине-голубой
2966133:582#10838485_бежевые
2923170:702#112A019-Q13_черные
2856089:674#1153-0301_серые
2856091:702#1153-0600/0025_черные
3084566:652#1153-0600_беж
2856094:702#1161-0306_черные
2856095:675#12077075_синие
2856097:702#12091784_черные
2856259:702#12095565_чёрные
2856045:645#127685_беж
3844343:702#1308039_Черный
3106933:584#135616C
3106927:689#139817C
2923369:675#14240-485_синие
3844393:676#147337C_Комбинированый
3373644:701#149397C_хаки
3373645:674#149509C_серые
3844296:641#149517С_оранжевые
2856108:675#1520610_синие
2856109:675#1520960_тёмно-синие
2856110:621#1520980_коричнево-синие
2923176:675#1542-3011519_синие
3844392:608#15E_Комбинированый
2966140:675#16121_синие
2856112:667#177892-003_серые
2856264:608#18731018_голубые
3844372:584#188150-02_салатово-черные
3844398:695#188GU8_темно-синие-с-серым
2923178:675#2021_синие
2923181:582#25000_черные
2949141:593#25006_зеленые
2923184:702#25014_черные
3373678:584#30126-0-100_белые
3084537:702#301722_черные
2856115:681#302905_бирюзово-чёрные
2856116:674#302905_серо-чёрные
2923375:702#302VXS0-914_черные
2923376:702#302VXS0-923_оранжево-черные
1862451:695#30556701
3844284:702#30P0217_Черный
3844368:702#30PO217-710100_Черный
2949143:674#30ST020-790200_серые
3844363:675#331_Сине-серый
2923377:702#3322867-9_черно-белые
2856266:702#3322867_черные
2923188:674#333824-046_серые
2923190:694#3430960_серые
2856269:675#35923403_синие
2856270:584#3595169-03_белые
2856271:701#360148-03_темно-зеленые
3844365:702#3653405_Черный
3844366:674#366810_Серый
3844286:624#36MD201_Красный
3844285:702#36MD201_Черно-синий
3803096:624#376632_красные
2975243:623#383208_коричневые
2856122:702#38515827_чёрные
3844290:675#3944-380-64_Синий
2856124:584#3985-080-01_белые
3844401:698#4010171211605512EB3790_Серо-фиолетовый
2923193:667#4050637_светло-серые
2856125:623#4051967_серые
3844374:674#4080-301-2_серые
2923195:674#4101000323_серые
2923382:157206#4101000428_беж
2923196:674#4101000434_серые
2923198:615#4101000438_зеленые
2823622:702#4101000442_черные
2975246:674#4199S5_серые
3323552:603#45-209-18-1-104_бордовые
3803102:694#45-20916-5-04_темно-серые
2946535:674#454357-007_серо-белые
2856058:675#45473_синие
2966250:702#488298-095_черно-белые
3844390:584#5060422_белые
3844341:675#511856_синие
3844288:702#530103_Черный
3844406:675#537103F_синие
3373618:702#537104F_черные
2946536:702#537383-021_серо-черные
2856275:702#537384-041_черные
2823634:702#537732-020_черные
3323553:584#543222C_белые
3373619:603#545053C_бордовые
3844350:608#547172C_Комбинированый
3323554:157207#549571C_белые
3844400:608#549614C_голубые
3844361:702#549642C_Черный
3332241:603#549657C
3380425:702#549708C
2823559:702#580446-077_черные
2946511:584#599730-148_белые
2823561:651#599730-690_розовые
3844335:584#599841-148_белые
2823564:608#599846-484_голубые
2966153:613#599849-758_ярко-желтые_шиповки
2949256:675#60-082-7459_бирюзово-синие
3803063:702#616730-021_серо-черно-розовые
2949257:584#63-990-9001_белые
3844330:674#631518-174_серые_шипованные
2823636:702#631522-010_черно-белые
2946539:675#631754-405_черно-синие
3844358:702#63315-0950_Черный
2966155:623#64242_коричневые
3803088:694#643074-001_темно-серые
3844384:623#6480401_коричневые
2823573:653#651329-380_зеленые
2856132:702#651541-004_черно-голубые
2823639:608#651541_черно-голубые
2823576:584#651549-130_белые
2923215:641#651549-858_оранжевые
2823623:622#651632-690_розовые
2823582:632#651633-660_малиновый
3803106:584#652980-104_белые
3844386:702#66-000-953_черные
2975249:695#6626A_сине-коричневые
3844305:702#683737-603_черно-розовые
2823675:675#684621-412_синие
3803076:667#684667-011_светло-серые
3844301:651#684667-602_розовые
3844304:702#684894-013_черные
2823671:603#685280-270_вишневые
3803105:695#685280-400_синие
2949159:674#693920_серые
2949161:582#698185_беж
2975258:584#7-27SRM12241R5_белые
3940297:651#704940-603_розовые
2823647:674#705149-007_серые
2946550:698#705270-556_фиолетовые
2856280:702#705297-001_черные
2823652:584#705353-010_черно-белые
3803078:632#705462-008_розово-черные
3380462:674#709021-013
3803071:670#709021-405_светло-бирюзовые
3635202:676#709021-501
3803064:698#709501-008_черно-сиреневые
3844321:651#709501-601_розовые
3803089:702#71150_Черный
2923229:702#718776-018_черные
3803084:661#721356_черно-коричневые
3803110:674#724367-007_серые
3803079:675#724858-400_синие
2923233:674#725244-060_серые
2823597:702#725246-017_черные
2856135:702#725248-017_черные
2923234:674#747486-080_серые
2823618:702#747506-018_черные
2856284:621#747997-100_бело-черные
3803097:674#749177-001_серо-розовые
1811582:651#749177-600
3803062:644#749177-601_розово-белые
3535774:674#749178-002
3844313:674#749178-009_серые
3844300:584#749178-100_белые
1811583:675#749178-401
3844320:702#749183-003_черные
3803065:632#749184-602_темно-розовые
2823679:674#749361-001_серо-черные
3359742:603#749666-601
2856136:653#749895-307_салатовые
2823599:674#749898-080_серо-оранжевые
2823624:653#749898-307_салатовые
3844338:632#749901-080_серо-оранжевые
2823602:702#768896-018_черные
3844376:686#774429-300_темно-зеленые
2946565:695#777429-402_темно-синие
3844314:702#805939-001_черно-голубые
3844303:681#806584-400_темно-бирюзовые
3044498:621#807145-002
3844302:702#807145-600_черно-розовые
2923241:702#80891U_черные
2949169:652#81238_коричневые
3844287:674#82126_Серый
3844357:702#832384_Черный
3844355:623#836503-59272_Коричневый
2923392:702#85484U_черно-желтые
2966257:702#86134-CO108_черные
2949171:582#87463_бежевые
2823603:623#90S08GBRN_коричневые
3405860:674#92477095
2856287:680#929575_синие
3844327:649#94819_разноцветные
1805539:702#97764_чорний
2923393:702#A084-11216_черные
2966170:702#A084-11311_черные
2856145:702#A084-11351_черные
2856288:675#AF6020_синие
2946571:702#AF6338_черно-белые
2946572:675#AF6344_синие
2966173:702#AHB2019_черные
2966174:701#AQYS300009_светлый-хаки
2856235:702#B22870_черные
1958122:675#B22964
2322438:675#B23323
2856151:653#B23765_зеленые
2856291:621#B23957_ чёрные, розовые шнурки
2856293:702#B24522_черные
2856294:584#B24535_белые
2946575:702#B24852_черные
2856297:675#B24932_синие
2856298:630#B25376_салатовые
2923253:653#B26935_салатовые
2856155:653#B27025_черно-зеленые
3940303:653#B32846_салатово-черные
2856157:674#B32879_серые
2946576:675#B33190_синие
2949180:674#B34-3616-03_темно-серые
2856236:586#B34474_сине-черно-зеленые
2856161:653#B34852_зеленые
2923259:702#B34990_черные
3940308:702#B35-3616-01_Черный
3844291:586#B35-3731-22_Бело-бирюзовый
2856163:653#B35473_салатово-черные
2949181:623#B36-3725-03_коричневые
2949182:675#B36-3780-01_синие
2949183:702#B36-3781-01_черные
3373604:651#B39764_розовые
2856164:698#B40831_фиолетовые
2856165:641#B44261_оранжево-бирюзовые
2949184:645#B694005_бежевые
3844356:608#BL488-LR_Бело-голубой
3844403:702#BL488T_Черный
2856169:702#C76990_черные
2966180:702#CM83WL4-9H_черно-синие
2923276:695#CMA365_сине-красные
2923277:615#COR005_зеленые
2923278:702#COR006_черные
3844342:671#D110039000_Серебристый
2923280:623#D65630_коричневые
3844352:702#D67012_Черный
2856173:621#D68667_ тёмно-серые, салатовые шнурки
2856306:675#D69785_синие
2949190:603#DJ112B017_бордовые
2949191:674#DVF0000111_серые
2949192:674#E-13815_серые
2923293:674#E-13937_серые
2856177:702#E-14062_черные
2923295:702#E-14344_черные
2949194:702#E-14375_черные
2966184:584#E13947_белые
2966259:653#F0612_черно-салатовые
2949198:675#F280613_синие
3844436:674#F3105-PR6N_серые
3373681:651#FL111F007_розовые
2975285:702#FM1037_черные
3844421:695#G00023_Темно-синий
3844433:702#G00023_Черно-белый
3940311:698#G00791_Фиолетовый
3844443:674#G00830_Серый
3844434:584#G00970_Бело-серый
3861165:584#G01106_ белый
3792032:157207#G01107_молочный
3844409:584#G01112_Белый
3844427:623#G01146_Коричнево-рыжий
3940321:674#G01169_Серо-жолтый
3792039:675#G01169_сине-серый
3940318:701#G01169_Черно-зеленый
3940319:623#G01171_Шоколадно-горчичный
3792804:624#G01172_ красный
3761628:671#G01253_серебро
3844417:615#G01260_Зеленый
3940313:624#G01260_Красный
3844416:674#G01260_Серый
3761644:702#G01262-черный
3940320:624#G01262_Красный
3844411:688#G01262_Темно-коричневый
3940312:671#G01280_Серебристый
3844429:584#G01286_Белый
3844428:702#G01298_Черно-зеленый
3940135:702#G01306_черный
3760797:702#G01339_ черно-красный
3792086:702#G01367_черный
3792842:702#G01370_ черный
3844414:615#G01370_Зеленый
3761655:702#G01370_черно-синий
3792099:702#G01372_черный
3844440:702#G01382_Черный
3792089:702#G01383_черный
3844432:702#G01414_Черный
3844408:615#G01416_Зеленый
3861183:675#G01421_синий
3844413:701#G0674_Зеленый-хаки
3084543:624#GL0014211213_красно-белые
3084544:702#GL0014281213_черные
2923309:674#GLO01-1018_серо-синие
2923311:702#GLO01-1026_черные
2923313:674#GLO01-1033-0614_серые
2949205:675#GLO01-1033_синие
3084546:694#GLO01-1551_серые
3084545:654#GLO01_беж
3844298:702#GYQBKA_черные
2856185:702#I01713289701X_черные
3844378:675#I15A-HH-NA-BL_синие
3844351:675#J0411N006_Синий
2856314:681#J32553_салатово-бирюзовые
3844383:674#JM51_серые
2966261:702#JRF14112A_черные
2856186:584#K0837-Y6N_ белые
3844360:632#K0F7XK_Малиновый
2856050:621#leopard_леопардовые, белый ремень
3844326:641#LK3012_оранжевые
3844316:584#LL68_белые
3844318:702#LS1000_черные
3803081:695#LS3001_синие
2856318:702#M18658_черно-розовые
2856319:695#M19841_синие
3844339:651#M19967_розовые
2856238:621#M20135_сине-зеленые
2493519:584#M20325
2856324:702#M29710_черно-розовые
2856190:695#MF22598_тёмно-синие
2823613:624#MF29581_красные
2823614:702#MF32288_черные
2856191:674#MF32848_серые
2923328:584#MS2000_белые
2923330:613#MS2001_зеленые
3844391:702#NK2046_Черный
3940307:701#NK2079_Комбинированый
3844396:676#PEFFL8892WVBA970_Комбинированый
2923333:623#PI912BA02_коричневые
3844394:702#PLS30001_Черный
3844402:702#PLS30169_Черный
2949217:675#PMS30117_синие
2923337:157206#QZB07-15_горчичные
3844389:674#RDU323_сине-золотые
2823615:673#RN93243_сине-серые
2856196:702#S18268_черные
2856197:584#S31647_белые
2856340:702#S42060_черно-зеленые
2856199:584#S77368_белые
2856200:702#S77766_черные
2856344:624#S77842_красные
3373598:584#S81389_белые
2856202:621#S81728_черно-белые
2856203:702#S82737_черные
2856204:675#S82740_синие
3373682:651#S82943_черно-розовые
2856205:584#S83177_белые
2946525:584#S83210_белые
3844353:674#SS15-S-107899-006_Серо-бежевый
2856207:623#SSWN0062L_коричневые
2856208:701#SSWN0070T_хаки
3844354:695#T0CQ01U5B-7_Темно-синий
2856352:584#T5F4N_бело-синие
3470633:702#0-104112_черные
2823683:584#000696-210-10_белые
3843656:702#001_Черный
2923076:702#002/038_черные
3323570:702#01011184_черные
3551732:702#01011234_черные
3551683:702#01021054_черные
3551709:702#017_черные
3589372:651#045EK1W067_розово-белые
3693341:702#06041008_Черный
3323410:702#065EK1W011_черные
3551054:702#075EK1W016_черные
3551075:680#084EK1W038_темно-бежевые
3323647:680#085KE1W051_темный-беж
3470658:623#09583381_коричневые
3470659:695#09583381_темно-синие
3420290:624#09753303_рыжие
3323650:675#09793188_синие
3551136:702#1-22407-23-001_черные
3589305:674#1-22427-24_Серо-черный
3693324:702#1-22439-33_Черный
3589301:674#1-23703-34-200_Серый
3589315:674#1-24703-34_Серый
3323575:702#1-25071-25-001_черные
3551056:702#1-25205-25-052_черные
3359820:702#1-25210-23
3323440:688#1-25357-25_темно-коричневые
3690168:702#1-25382-25_Черный
3551037:702#1-25460-25_черные
3420350:702#1-25598-35_черные
3323654:671#1-25823-33-208_серые
3551115:702#1-25896-25-001_черные
3323655:694#1-26604-23_темно-серый
1874700:675#10578632
3551139:671#1074_Серебряные
3323441:674#10755984_серые
2823494:702#11140-001_черные_высокие
3589308:702#11153-869_Черный
2975343:623#11641885_коричневые
3589336:702#12-31596_Черный
3551078:623#120445_коричневые
3589309:702#13285_Черный
3589416:688#14-001_Темно-коричневый
2975410:702#14-063-00_черные
3470581:623#15066001202_коричневые
3551711:702#15405634_черные
3420296:702#15590_черные
3693325:702#15764-00010_Черный
3843649:702#15764-00050_Черный
3470558:582#15TX1-3042_бежевые
3470612:701#1627231245_хаки
3470613:702#16326_черные
2856011:688#16501-00100_темно-коричневые
3589296:702#175001-001_Черный
3551740:702#19982401_черные
3323667:623#19985853_коричневые
3551713:702#19991001_черные
3693331:702#2-22108-24_Черный
3404255:675#2-24204-25-892_темно-синие
3323760:680#2-24301-25-324_темно-бежевый
3323445:702#2-25095-35_черные
3403987:661#2-25310-35_светло-коричневые
3403988:702#2-25316-23_черные
3589311:702#2-25423-23_Черный
3551121:702#2-25512-23-096_черные
3323668:695#2001_темно-синие
3332154:702#21-11700-470
3551096:702#21-36140-448_черные
3589367:702#21-36170-470_черные
3332171:702#21-45580-380
3589377:702#21-83550-380_черные
3551039:702#21-89510-480_черные
3589318:702#2113207_черные
2975421:702#211406_черные
3420233:623#2121109_леопард
3323670:603#220312K002_бордовые
3589368:688#22246553_темно-коричневыес
2856026:702#222527-872-59_черные
3589314:702#22262223_Черный
3589412:623#22290727_Черный
3589337:702#22296810_Черный
3551590:651#22297514_розовые
3403779:702#22331901_черные
2856027:702#223637-777-59_черные
3403780:671#22405462_бархатно-серебристые
3323586:702#229-810_черные
2975436:702#25-680-00_черные
3323673:623#266-290_коричневые
3551744:702#266-290_черные
3589283:702#2689-3811_Черно-белый
3470584:702#28997-14_черные
3589369:623#29049-77_леопардовые
3470585:701#29215_серые
2923415:688#30088_темно-коричневые
3551040:702#3010_черные
3551142:667#31-430_светло-серые
3470669:688#31-639-88_темно-коричневые
2975355:650#3172S5_светло-коричневые
3551042:680#32-870-22_темно-бежевые
3405915:702#32D01HBLK
3420378:702#32D09GBLK_черные
3551602:702#32H03GBLK_черные
3470572:702#32M17IBLK_черные
3551082:623#32M32ITAN_коричневые
3420306:702#32M36IBLK_черные
3693318:582#32M46HCAM_Бежевый
3551604:702#32M51IBLK_черные
3470573:702#32M52IBLK_черные
3551594:582#32R32ITAN_бежевые в пятна змеи
3420074:600#32S14IRGD_розово-золотистые
3323632:702#32Z14EBLK_черные
3589307:702#332012-01_Черный
3693311:702#35-669-17_черные
3551125:702#35-784_черные
3470642:702#3510-8851_черные
3551144:702#36-182-47_черные
3551745:702#3710-8805_черные
2923108:623#37PX001-400360_коричневые
3323505:702#37VG201-120100_черные
3693334:702#3999_Черный
3323456:638#4054787_светлый-хаки
3470672:702#4054787_черные
3589418:702#4054787_Черный
3551127:702#4055156_черные
3470673:702#40F5SHHB8L_черные
3250049:702#40F5THHE5L
3589286:702#40L09GBLK_Черный
3551638:623#4135716_коричневые
2923419:623#414AM164_коричневые
2923113:702#417823_черные
2975445:623#4250562_коричневые
2975448:623#4251109_коричневые
2975367:661#4251109_светло-коричневые
3470619:702#42B10GBLK_черные
3403770:702#42H36HBLK_черные
3551611:702#42K01JBLK_черные_сзади-корсет
3589285:702#42S04HBLK_Черный
3589282:582#439412-242_Бежевый
3551686:600#4421_розово-пепельные
3589397:671#470_Серебристый
3470574:702#5-25109-25-001_черные
3470674:702#5-25514-21_черные
3404173:674#5-25517-35-214_черные
3470645:603#507-10145001-100-375_бордо
3420255:702#5183600109_черные
3470675:623#51856930109_коричневые
3470563:702#5186100909_черные
3470588:702#5201800909_черные
2975460:623#52361_коричневые
2966034:623#55-0028-86_коричневые
3271972:623#55003178_коричневые
3551640:702#560213_черные
3589399:702#572H11_Черный
3589294:702#58299_Черный
3323598:702#60846221-001_черные-леопард
3420257:702#60846221-002_черные-светлый-леопард
3404018:702#60976401-001_черные
3551783:695#60976401-002_темно_синие
3589300:702#6147200609_Черный
3470699:623#6161751_черные
3323689:702#6420103_черные
3589379:702#6421103_черные
3589340:582#6801_Бежевый
3470677:623#6RX1-S8404_коричневые
3693328:702#6TX1-S6905B_Черный
3693321:615#7-28SRW11471W4_Черно-зеленый
3589338:674#7-30SRW4101158_Серый
3551048:652#710170_рыжие
3470604:702#7103_черные
3589388:702#752185_черные
3551642:652#8014R_рижие
3470624:623#802578225002_коричневые
3551697:674#8054932_серые
3551718:702#8055745_черные
3470539:603#8112_бордо
3551719:702#826202_черные
3323514:623#8269A_темно-коричневые
3551644:694#8433852_темно-серые-с-черным
3470591:688#8503A_темно_коричневые
3323465:688#8528607_темно-коричневые
3843640:702#8569A_Черный
2966305:702#858705_черные
3323699:623#8606A_рыжие
3420399:623#8611А_коричневые
3551752:680#8718624_темно-бежевые
3551680:702#8718_черные
3323603:661#88C0432B_леопард
3551049:675#9-25301-25_синие
3589405:702#9-25341-23_Черный
3323483:702#9-25342-25_черные
3551102:702#9-25354-25_черные
3589330:623#9-25401-23_Коричневый
3323704:689#9-25599-25_красные
3403836:702#90HKT05_черные
3323705:623#91-638-32_коричневые
3551050:702#912218-09_черные
3589360:702#966065-10_черные
3693368:702#9667-177-BL_Черный
3405909:702#`09793188
3690176:623#A11EO_Коричнево-золотистый
3470564:652#A11TG_рыжие
3551613:694#A11Z4_темно-серые
3551753:623#A12CD_коричневые
3551785:702#A31003F_черные
3551681:702#A8643-13104_черно-белые
3693351:702#AN611M021_Черный
3323522:688#BL3783-231_темно-коричневые
3693362:702#BU001_Черный
3470681:702#C1202_черные
3470593:680#EN56818015_темно-бежевые
3551723:694#EN56819819_темно-серые
3693342:702#EV411A09D_Черный
3551616:686#F0111N00C_Темно_зеленые
3470566:582#FL3VN2PAF09_бежевые
2975490:693#FS-028_светло-бордовые
3470650:652#FW56820060_рыжие
3551758:702#G-32-024-056_черные
3323716:623#G-32-024-134_коричневые
3470703:702#G-32024546_черные
3940110:584#G00637_ бело-синий
3760777:688#G00638_ темно-коричневый
3792070:702#G00674_черный
3778410:615#G00970_Зеленый
3843662:584#G01049_Бело-бежевый
3778413:676#G01232_Сиреневый
3792869:623#G01270_ коричневый
3904238:702#G01301_Черный
3861177:584#G01315_ бело-серебристый
3778417:667#G01348_Светло-серый
3992150:615#G01353_зеленый
3761649:584#G01357_белый
3843669:702#G01380_Черный
3778418:671#G01382_Серебристый
3778415:603#G01387_Бордовый
3778420:623#G01400_Коричнево-золотистый
3778429:688#G01404_Темно-коричневый
3778400:702#G01405_Черный
3761578:702#G01406_черный
3760771:702#G01407_ черный
3760772:623#G01408_ коричневый
3760773:702#G01409_ черный
3778425:624#G01417_Красный
3693330:702#G5211Y000_Черный
3323526:694#GD-141621-06_темно-серые
3323527:702#GS41352/700_черные
3551647:688#GS41373/544_черные
3551701:702#GT28102_черные
3551759:702#GU111M00V_черные
3589384:623#GU111N027_черные
3589324:702#GU111N02N_черные-стеганые
2966382:702#HA212A02U_черные
2923472:661#HL291GY_беж
2975496:621#HW-T040_коричнево-красные
3323415:623#J0662-1_коричневые
3551619:702#JC-219-1_черные
3551787:702#K4411E003_черные
3589359:582#K4411EAOA_бежевые
3551620:702#K4411NAOS_черные
3551648:674#K4412D00H_серые
3323528:702#KA13723882_черные
3551621:702#KA142137710_черные
3323719:701#KA14563854-B-002_светлый-хаки
3589364:701#KP10172272-B-002_хаки
3323530:623#KP11304016-B-002_коричневые
3551650:702#KP11304016-B-005_черные
3323607:623#KP11304017-B-006_коричневая
3323531:702#KP12252469-B-001_черные
3551726:623#KP12252469-B-002_коричневые
3420413:702#KP14363730-B-003_черные
3323608:638#KP14363933-B-004_коричневые
3323532:623#KP14363933-B-005_коричневые
3551727:702#KP14633793-B-004_черные
3693329:623#KP2002_Коричневый
3323722:702#KP6092402-B-001_черные
3551761:702#L2711M00G-Q110035000_черные
3589342:702#LR-104361-2_Черный
3589414:702#LR-104372 _Черный
3589419:702#LR-104431-1_Черный
3589335:702#LS1008_Черный
3405894:623#LS2006
3420270:582#LS2008_бежево-коричневые
3693339:603#M3211NA0A_Бордовый
3323475:683#MA10591529USA-B-003_бордо
2975331:623#ME212C01G_коричневые
2975501:702#MFW808_черные
3332217:623#NL 1999-202
3332212:623#NL 2107-286
3551134:702#NL1973-010_черные
3403936:654#OAD4525-кофейные
3470628:702#PEFRG8679WSB0000_черные
3589346:702#PEFSM8948WVA0000_Черный
3405900:702#PIFJR8759WCA0000
3551652:701#PIFJR8820WGBC250_хаки-с-паетками
3323535:623#PIFKE8566WS8100_коричневые
3693366:702#PLS10013_Черный
3470602:702#PLS30192_черно-леопардовые
3470689:680#PLS50010_темно-бежевые
3420334:702#PLS50014_черные
3470690:702#PLS50018_черные
3589404:702#PLS50023_Черный
3420114:603#PLS50043_бордо
3589383:623#PLS50043_коричневые
3470629:623#PLS50049_леопард
3420274:603#PLS50052_бордовые
3551625:702#PLS50071_черные
3551626:702#PLS50073-865_черно-леопардовые
3420117:702#PLS50073_черно-красный-леопард
1969444:702#PLS50075
3470630:623#PLS50075_коричневые
3589320:702#PLS50083_чорные
3420191:603#PLS50086_бордовые
3551654:623#PLS50092_коричневые
3323431:652#PLS50112-877_рыжые
3470597:702#PLS50129_черные
3470838:623#PLS50138_коричневые
3589278:702#PLS50151_Черный
2966088:623#PMS50011_темно-коричневые
2923336:702#PWB-1020_черные
3589390:702#R3504-1_черные
2923143:702#RM62221SY_черные
3084568:702#RM62770LE_серые
2823692:680#RN93243_темнобеж
3106858:702#S1331614
3470654:688#T0602B-11_темно-коричневые
3323739:688#T14059-13_темно-коричневые
3404286:702#T15016-02A_черные
3323433:17439975#TDF2115_кофейные
3551628:694#TDF2155_темно-серый
2975401:702#U8032-PR1GW_черные
3589366:584#VA215C002-A_белые
3084605:702#VE012B00J_черно-красные
3589374:702#VS-K303_черные
3470706:680#W10771_коричневые
3323742:702#W1434505_черно-серые
3693332:623#Y001_Коричневый
3589291:582#Y00998_Бежевый
2823513:623#Y01151_коричневые
3693367:695#ZI111C044_Темно-синий
3589334:702#ZI111C06I_Черный
3551770:702#ZZL745014_черные
4028477:623#ZZL8CP055_коричневые
3403871:688#ZZL8CP055_темно-коричневые
3551630:615#ZZL8CP068_зеленые
3403873:623#ZZL8CP068_коричневые
3420124:698#ZZL8CP070_фиолетовые
3403876:623#ZZL8CP075_коричневые
3403877:683#ZZL8CP082_темно-бордовые
3551659:623#ZZL8QT199_коричневые
3693338:702#ZZL8WL020_Черный
3589339:702#ZZL8ZR109_Черно-белый
3589332:702#ZZL8ZR125_Черный
3373589:674#AF4300_серые
3359752:698#AF4308
2946570:584#AF6029_белые
2946573:674#B23055_серые
2946574:613#B23315_салатово-черные
2856290:702#B23379_черные
2856292:702#B23984_черные
2856295:584#B24711_белые
2856296:603#B24840_красн
1774936:702#B24842
2856299:615#B25598_зеленые
2946577:675#B33509_синие
2000639:702#B33656
2856302:613#B34514_желтые
2856303:621#B34517_бело-серые
2856304:702#B35272_черн
2856325:674#M29741_черно-розовые
2946583:702#S77590_синие
2856342:702#S77673_черные
2856343:702#S77720_черные
2946584:674#S77848_сине-серые
2946585:674#S79174_серые
2033042:702#S82884
3373611:616#S83383_бело-золотые
2946586:624#S84946_черно-красные
232617:675#V22767
2856062:695#01011115.29Y_синие
3084578:623#01041617_коричневые
3084559:584#03212-108-M_белые
2949125:582#06788_беж
2856077:624#08848170_бордовые
2823533:701#09841198_зеленые
2823534:702#09841198_черные
2823537:623#09843209_коричневые
2923165:702#09B3828_черные
2975230:623#1005040_коричневые
2856080:584#103211-07_белые
2856081:651#103212-04_бело-розовые
2856084:641#103278-01_оранжевые
2856087:584#103659-01_бело-оранжевые
2975233:582#10638581_беж
2975236:584#10638590_белые
2975237:615#10638590_зеленые
2856043:702#10697645_черные
3844404:675#10733496_Синий
3844405:582#10737606_Бело-бежевый
2966132:623#10768_коричневые
2823540:584#10831659_белые
2823541:675#10838485_синие
2823542:582#10838489_беж
3084555:675#1120923_синие
2856096:701#12077084_бледно-зелёные
2856098:652#12095329_светло-коричневые
2856261:621#1252295-038_салатово-серые
2823543:702#125647C_черные
2823544:702#125649C_черные
2856046:675#127685_синие
2823545:674#132407C_серо-черные
3373643:674#136054C_серые
2823546:702#136746C_черные
3803103:615#139740C_зеленые
2856101:675#142632C_синие
2823549:702#147435C_черные
2823550:675#147437C_синие
2823518:702#147493С_черные
2923174:674#15-M_синие
2923175:702#1505_черные
3844349:674#1587471031_Серый
2856263:702#187310-19_черные
2856113:623#19FGNK_коричневые
2856048:661#2384_коричневые
3844399:702#30049_черные
2923374:674#3023000-973_салатово-серые
2856117:695#303181_тёмно-синие
2946531:702#313561-015_черные
2946532:702#317554-005_черные
2823555:702#333824-039_черные
2923187:674#333824-045_серые
2856120:623#352623-05_беж
3844344:702#3744-080-20_Черный
2923197:702#4101000436_черные
2923386:674#47119-0-242_серые
2923388:702#51259_черные
2823633:584#537383-125_белые
2823627:624#537384-602_красные
3844347:608#547294C_Голубой
3373653:582#549632C_белые в серые пятна
3373654:616#549664C_золотостые
3373655:671#549679C_серебряные
2946537:702#554904-005_черно-синие
2923200:653#555613-703_салатовые
3084594:623#5881A_коричневые
2923202:653#599075-758_салатовые
2949150:653#599730-758_салатовые
2823565:653#599849-570_салатово-фиолетовые
2949151:702#63-664-2640_черные
3803085:695#631303-411_темно-синие
2856130:674#631521-030_серые
2823568:584#631521-174_серебристые
2823569:674#631614-174_серебристые
2923209:674#631616-030_серые
2946538:584#631652-102_белые
2823674:702#631755-010_черные
2923150:702#649098_бело-черные
2923211:615#649230-380_зеленые
2823572:584#649233-130_белые
2823574:641#651329-858_оранжевые
2823575:702#651540-017_черные
2923213:653#651540-770_салатовые
2823577:622#651617-690_розовые
2823579:641#651618-650_кораловые
2949155:651#651621-650_розовые
2823581:641#651632-800_желтые
2946516:702#651633-006_черно-розовые
2923217:674#651646-060_серые
2856133:621#651646_серо-розовые
2975250:686#6627A_зеленые
2946544:584#684808-002_бело-зеленые
2856279:701#694862-330_темно-зеленые
2949160:603#695382_бордовые
2975264:584#7-29SRM2410098_белые
2975315:584#7-30SPM002221G_белые
2946547:702#704427-001_черные
2946548:673#705149-014_серо-синие
2823649:674#705270-410_красно-серые
2823651:695#705297-404_синие
3803068:702#709021-002_черные
3803087:608#709021-402_голубые
3803086:695#709501-402_темно-синие
2946518:641#717134-858_оранжевые
2823594:653#717135-758_салатовые
2823595:671#717143-174_серебристые
2946519:622#717377-650_кораловые
2946553:675#718895-401_синие
2856134:674#721454_серые
2946557:603#724851-601_красные
2923230:702#724941-001_черные
2856282:702#724986-001_черные
2923232:674#725243-061_серые
3803069:657#749344-405_светло-голубые
3803075:698#749344-500_фиолетовые
2856285:702#749446-001_черные
2823661:702#749561-001_черные
3844336:584#749760-100_белые
2923236:674#749887-081_серые
2823600:653#749901-307_зеленые
2823601:674#749904-081_серые
2856137:702#759975-018_черные
2856138:675#76033110_синие
2946521:674#768900-080_серо-оранжевые
2946566:674#801780-041_серые
3844281:674#802353_Серый
2946567:702#802611-002_черные
2946568:675#802611-400_синие
3844306:674#806584-005_серые
2923240:702#80662U_черные
2975275:584#8072_бело-черные
3844322:624#807423-600_красные
2923242:702#80911U-CZ8_черные
2856140:637#80911U_голубые
2946528:641#821772-600_оранжевые
2966166:584#85577U_бело-черные
2856143:695#8719055_синие
3844279:623#93080-270-M_коричневые
2923246:702#A084-11264_черные
2923394:674#A084-11309_серые
2856147:702#A099-11217_черные
2823605:702#ADYS100035_черные
3373590:676#AF4308_сиреневые
2856150:675#AQYS300008_синие
2949177:702#ASH-87462_черные
2856152:621#B23767_бело-черные
2923252:674#B25454_серые
2946522:702#B26890_черные
2856154:702#B26891_черные
2946523:584#B27068_салатово-белые
2856156:584#B27091_белые
2856300:584#B302N_белые
1774944:674#B32898
2856158:657#B32900_голубые
2856160:702#B32948_черные
2923257:623#B34-3620-02_беж
2923258:615#B34855_зеленые
3844397:651#B35313_серо-розовые
2923260:621#B35468_фиолетово-оранжевые
2946524:621#B35472_фиолетово-оранжевые
2923262:621#B35488_красно-синие
2923396:702#B36-3605-05_черные
2923397:624#B36-3606-03_красные
2923268:621#B40333_фиолетово-голубые
2923269:621#B40709_салатовые
2923270:615#B44235_зеленые
2856166:675#B44412_фиолетово-голубые
2856167:584#B44568_белые
3844371:584#B656573_бело-черные
2923272:675#B694006_синие
2856059:584#BA-16326_белые
2966104:702#CLA01255_черные
2856171:584#CR100L115_белые
2923283:702#D68656_черные
2856174:702#D68689_черные
2966183:702#DVF0000111_черные
2856175:702#DVF0000222_черные
2856176:702#DVF0000228_черные
2949111:702#E-13385_черные
2949197:675#F280413_синие
3844370:702#F820515_черные
2923305:584#FM1083_белые
2823609:652#FM56819764_коричневые
3844412:584#G00985_Белый
3761596:695#G01169_темно-синий
3761562:702#G01172_черный
3844415:702#G01217_Черно-зеленый
3844418:584#G01266_Белый
3844439:702#G01341_Черный
3844410:615#G01419_Зеленый
2856311:702#G97920_черные
3844331:702#G98084_черные
2966190:674#GL512B000_серые
2966191:702#GL512B00N_черные
2949204:623#GLO01-1018-0614_коричневые
2975295:695#GS55425_синие
2975296:695#GS55441_синие
3844382:702#H4A_черные
3844379:702#J1GC150011_салатово-черные
3084556:702#JA212B020-Q11_черные
2856051:621#leopard_леопардовые, чёрный ремень
2949212:702#LYG07-15_черные
2966200:674#M11-03C15-C01-15_серые
2856187:584#M17670_зелено-белые
2856060:641#M21027_оранжево-черные
2923324:702#M21372_черные
2923325:702#M22229_черные
2923326:674#M27-052C-C01-142_серые
2856189:702#M29852_черные
2975300:584#MFW893_белые
2856331:675#ML565AAA_красно-синие
3084528:695#MMF00141-7020_синие
2856052:613#MS15_чёрные, жёлтый ремень
2949216:675#MSOHS246_синие
2856335:675#MT110AP2_салатово-синие
2923332:584#P718537_белые
2923342:674#RM627806T_серые
2949269:624#S29016-2_красные
2856341:584#S55030_белые
2923346:674#S77854_серо-белые
2856201:702#S77920_черно-салатовые
3844329:582#T375_бежевые
2856354:675#T5K3N_синий
2856210:702#TB4R_черные
2856212:584#TC6D_серые
2966262:675#TOA4UHE8F_синие
3844315:623#UC60K5_леопардовые
2949224:680#V4041539_темно-серые
3803107:698#V66398_фиолетовые
2856216:624#VN0JK6RED_красные
3323557:603#W3CD8L_черно-бордовые
3323558:623#W3CDPJ_черно-коричневый
3323559:674#W4NDQW_темно-серый-леопард
3844325:702#W50197_черные
3803098:608#W860WP4_cеро-голубые
3844385:615#WC96067_зеленые
2856054:584#white army_ белый камуфляж
3803100:676#WT1210YP_серо-розовые
3803099:680#WW780BR_медные
2856219:674#XB2F67_серые
2949229:702#YO112DA01_черные
2856361:702#ZHI0123950615_черные
3844297:680#ZSLHOG_темно-бежевый
2856224:623#ZUTGPX_коричневые
3844364:702#ZZL9A4002_Черный
3084553:702#А010-40384_черные
2856227:615#В32837_черно-зеленые
2856055:675#01011114.29Y_темно-синие
2823527:620#02353604_коричневые
3084560:702#03323-001-M_черные
2975224:584#06041034_белые
2975228:702#06041149_черные
2966219:621#09841200_серо-черные
2823536:674#09843195_серые
2856228:695#10321501_сине-розовые
2856092:623#1153-0600/7748_темно-коричневые
216993:586#12424-38J
2856262:702#185GTV_черные
2856114:703#2137B_шоколадные
2966222:675#4064-504-800_синие
2533299:674#407477-013_серо-фиолетовый
3803101:695#45-20917-3-04_синие
2949152:584#63-664-9228_белые
2823648:702#705149-011_черно-белые
2223624:675#709558-402_синий
2823593:674#715869-006_серые
2856281:675#721356_синие
2946554:680#723939-411_черно-синие
2923231:675#725027-412_синие
3940299:608#806472-400_голубые
3940301:674#92610049_cерые
2856148:675#ADYS100193_синие
3940302:675#APPSG2J-S_синие
2923279:603#CR3300007_бордо
2923284:702#D68867_черные
2975280:702#F3104-PR6N_черные
3844426:702#G01169_Черно-синий
3792043:675#G01172_синий джинс
3826247:671#G01253_ золотистый
3792822:621#G01306_ разноцветный
3761653:584#G01367_белый
2923318:702#JRF15044C_черные
2923329:652#MS2000_коричневые
3844375:675#RS412B006_синие
2975304:702#SE8455_черные
2856350:641#T530N_оранжево-голубые
3373602:675#T5K8N_синие
3940300:582#UC6DCX_бежевые
3940304:702#VE012B00F_черные
3844359:639#W7NFPI_Оливковый
3084576:584#01041264_белые
2856248:695#01041618_темно-синие
3084563:623#02453-291-M_коричневые
2923362:675#0737429_синие
2856078:675#08848170_синие
3044509:623#1011556
2975234:675#10638581_синие
2975235:584#10638587_белые
2923364:702#1101571D031_черные
2923365:608#1101611D624_голубые
2923366:702#1101621D569_черные
3084593:688#11571_тёмно-коричневые
2856260:675#1252287-437_бирюзовые
1805555:674#125650С_сірий
3844324:584#148556C_белые
2946529:702#306551-015_черные
2856118:584#313561-110_белые
2923189:636#333824-405_мятные
2856267:621#352849_черно-красные
2856268:623#358791-04_коричневые
2923379:702#37LK007-204120_черные
2923194:623#4054787_коричневые
2823632:584#409998_белые
2823556:702#4101000203_черные
2856233:674#50247608_серые
3844307:584#599409-019_белые
2949154:674#649233-040_серо-голубые
2923214:653#651549-380_зеленые
2923220:680#672013_беж
1811567:702#684984-006
2823644:674#685266-011_серые
2856278:702#694862-007_черные
1631514:702#698902-001
3844323:651#698903-600_розовые
2975270:675#7-30SPM400511C_синие
3106940:608#704940-405
2823653:702#709022-011_черные
3844311:702#709501-003_черные
2823598:674#745243-061_серые
2823657:675#747108-401_синие
2946559:674#748299-002_серые
3844310:653#749421-700_салатовые
2946564:615#749766-300_черно-зеленые
2823620:653#749893-307_салатовые
2949166:674#749899-080_серо-оранжевые
2856286:702#806254-001_черные
2823662:674#807194-001_красно-серые
3084551:702#A084-11265_черные
2823606:701#ADYS300126_хаки
2856153:702#B25564_черные
1774946:653#B32972
2923261:621#B35481_черно-салатовые
3844388:584#C14523_белые
2923288:675#E-12523_синие
2923291:702#E-13767_черные
2923297:688#E-14377_темно-коричневые
2923298:695#E-14384_темно-синие
3760785:623#G01169_ серо-коричневый
3761595:675#G01169_синий
3844328:702#G14822_черные
1677868:702#G65525
3844373:695#GN71103_темно-синие
3373597:651#J1GD153009_черно-розовые
2856322:702#M29067_черные
2949215:655#MS0IS283_светло-бордовые
3844395:675#NK2004_Синий
2856053:621#OZ012H006_белые
2975301:675#RS412B005_сине-черные
2856339:621#S20262-4_черные
3844295:584#T5F1N_белые
2856209:702#TB2T_черные
2856211:674#TB9C_черные
2856217:702#VOB186_черные
2856220:702#XB5FHU_чёрные
3844334:674#Кеды 4101000203_серые
3084575:695#01011115.79G_синие
2856066:584#01041523_сине-белые
2823524:654#02352159_светло-беж
2823526:654#02353159_светло-беж
2856074:675#04B-3824_синие
2975223:675#06041024_синие
2823538:623#09845280_коричневые
2856083:675#103221-01_синие
2975231:582#10633545_бежевые
2856099:702#12099387_чёрные
2823547:584#144405C_белые
2856102:702#144650C_черные
2823553:603#149526C_бордовые
2856111:584#15C318A-2-1_белые
2923182:623#25004_коричневые
2923372:623#27040003_коричневые
2975241:621#3510049_черно-белые
2946540:584#637382-103_белые
2975248:623#6435A_коричневые
2923218:702#66000653_черные
1903490:702#685266-012
2823586:615#7-27SRM2308177_зеленые
2975260:702#7-28SRM4108024_черные
2823588:582#7-29SRM2418158_беж
2946549:603#705172-616_бордовые
2923228:702#709558-008_черные
2823654:608#709558-404_серо-голубые
2823520:616#718774-206_золотисто-черные
3084595:623#7742_коричневые
2975276:584#8072_белые
3323565:652#92610228_рыжие
2856159:702#B32907_черные
2856162:702#B34977_черные
2923267:641#B40069_оранжево-бирюзовые
2856170:624#CR1000046_красные
2975287:702#FM40C1LEA12_черные
3792802:686#G01169_ темно-зеленый
3761629:671#G01253_серый металлик
3761643:702#G01262_черный
3761601:584#G01266_бело-черный
2975294:702#GS53114_черные
2856313:702#J23639_черные
2949267:702#JA212B030_черные
2856332:702#ML574UKD_черные
2856334:675#MRL996JA_синие
2949221:623#S18269_коричневые
2856245:702#T5K1N_черный
2856214:584#U59653001-089_белые
2823680:653#V65940_салатовые
2949228:582#YE112A01F-B11_беж
3551112:702#03649_черные
3470603:623#2314540001_коричневые
3404011:702#47AS626/2000_черные-в-цветы
3420168:675#672083_синие
3470625:623#8434019_коричневые
3693309:702#9432-5N_черные
2975177:702#B-02359305_черные
3551103:694#FALTE-BS_пепельный
3323604:623#FZ1106A_леопард
3551131:701#LESLY-S02_коричнево-золотистые
3551132:702#LYLES-B026_черные-серые-паетки
3323730:701#OUT-B028_темно-коричневые
3404221:702#OUT-B73_черные
3551135:702#OUT-SC50_черные
3551105:688#SOL-B28_темно-коричневый-золотистый
4859041:634#210-9670_Голубой
4859017:608#2319-01_Голубой
4859013:641#23190191_Кораллово-белый
4859057:675#23264014_Синий
4859019:668#2329-9_Светло-синий
4987130:651#25164_DQ1_Розовый
4859047:702#2550-05_Черный
4859052:702#272612-03_Черный
4859015:586#272613_Комбинированый
4986904:675#30602_DQ1_Синий
4986895:615#30605_DQ1_Зеленый-хаки
4986903:695#30632_DQ1_Темно-синий
4986894:675#30638_DQ1_Синий
4859043:702#43489-2_Черный
4859044:608#43489-92_Голубой
4986793:698#440001-PQY0_DQ1_Фиолетовый
4987132:702#44001-XBBK_DQ1_Черно-голубой
4986839:624#4500068553_DQ1_Красный
4986837:667#4500068555_DQ1_Светло-серый
4986850:615#54670027_DQ1_Зеленый
4986826:675#54670027_DQ1_Синий
4859023:632#5556-01_Розовый
4859042:694#58-1-5690_Темно-серый
4859055:702#5997-02_Черно-желтый
4859054:702#6130-01_Черный
5055002:657#61400135_DQ1_Светло-голубой
4987139:695#759076_DQ1_Темно-синий
4859025:668#795-2331_Сине-серый
4986832:702#ADYZT03449_DQ1_Черный
5353405:674#AQMSW03004_DQ1_Серый
5353389:702#AQYTJ00035_DQ1_Черный
5353403:603#AQYTP00019_DQ1_Бордовый
5353343:674#ARGX603000_DQ1_Серый
4987071:636#ARJBS010111_DQ1_Мятно-желтый
4986795:674#ARJFB03000_DQ1_Серый
5055225:674#ARJFT03003_DQ1_Серо-салатовый
4986953:674#ARJKT00098_DQ1_Серый
5055232:649#ARJKT00099_DQ1_Розовый
4986967:584#ARJKT00135_DQ1_Белый
4986801:632#ARJKT03134_DQ1_Малиново-оранжевый
4986942:625#ARJKT03143_DQ1_Светло-розовый
4986794:584#ARJNP03006_DQ1_Белый
4986964:702#ARJTK03445_DQ1_Черный
4986946:702#ARJWR030338_DQ1_Черно-зеленый
5055260:674#ARJWR03033_DQ1_Серо-черный
4986958:676#ARJWR03034_DQ1_Сиреневый
4986962:613#ARJWR03034_DQ1_Ярко желтый
4986965:584#ARJWR03035_DQ1_Белый
4986997:659#ARJWR03057_DQ1_Светло-зеленый
4987045:622#ARJWR03058_DQ1_Коралловый
4986968:675#ARJWR03077_DQ1_Синий
4986955:584#ARJWR03079_DQ1_Бежевый
4987072:621#ARJX403181_DQ1_Комбинированый
4986985:702#ARJX603021_DQ1_Черный
4986899:674#AX6YQ47_DQ1_Серый
4986846:702#D054670027_DQ1_Черный
5055004:659#DC015_DQ1_Светло-зеленый
5066668:667#DC022_DQ1_Серый
5055000:675#DC028_DQ1_Сине-голубой
4986928:702#DC64500_DQ1_Черный
5066669:638#DCRT4763_DQ1_Темно-зеленый
5066568:702#DOBSW071_DQ1_Черный
4986929:584#DPBJE904_DQ1_Белый
5353359:675#DRMSW162_DQ1_Синий
4986925:701#EDBDP03012_DQ1_Хаки
5054941:702#EDBSF03003_DQ1_Черный
4986924:615#EDBZT03000_DQ1_Зеленый
4986841:624#EDBZT03042_DQ1_Красный
4986931:675#EDBZT03047_DQ1_Синий
5055228:702#EDJSF03013_DQ1_Черный
5353357:608#EDJWT00003_DQ1_Черно-бирюзовый
5353354:702#EDYFT03231_DQ1_Черный
5353364:702#EDYJK03075_DQ1_Черный
4986825:702#EDYKT03201_DQ1_Черный
4986838:702#EDYNP03075_DQ1_Черный
5055001:675#EDYSW03003_DQ1_Синий
5353360:584#EDYTP03001_DQ1_Бело-зеленый
5353465:702#EDYTP03016_DQ1_Черный
4986829:702#EDYZT03240_DQ1_Черный
4986851:584#EDYZT03293_DQ1_Белый
5066663:695#EQBDP03016_DQ1_Темно-синий
5353336:702#EQBJK00005_DQ1_Черно-серый
5055067:675#EQBJK03020_DQ1_Синий
5353342:608#EQBTP03007_DQ1_Голубой
4986932:702#EQBZT03001_DQ1_Черный
4986864:641#EQBZT03092_DQ1_Оранжевый
4986816:702#EQBZT03197_DQ1_Черный
5055324:584#EQBZT03271_DQ1_Белый
5353341:702#EQKJK03042_DQ1_Черный
5066666:702#EQYDP00061_DQ1_Черный
5055012:695#EQYDP03056_DQ1_Темно-синий
5055014:695#EQYDP03064_DQ1_Темно-синий
4986822:695#EQYDP03082_DQ1_Темно-синий
5055019:668#EQYDP03174_DQ1_Светло-синий
5055078:695#EQYDP03294_DQ1_Темно-синий
5353373:674#EQYFT03148_DQ1_Серый
5353378:695#EQYFT03289_DQ1_Темно-синий
5055083:674#EQYFT03301_DQ1_Серый
5353339:608#EQYJK03172_DQ1_Сине-голубой
5055068:686#EQYNP00018_DQ1_Темно-зеленый
5353400:603#EQYSF03018_DQ1_Бордовый
5055058:695#EQYSW03036_DQ1_Темно-синий
5055090:608#EQYSW03058_DQ1_Голубой
5353407:695#EQYSW03062_DQ1_Сине-зеленый
5353411:702#EQYTJ00086_DQ1_Черный
5353408:653#EQYTP00016_DQ1_Салатовый
5353406:603#EQYWT03223_DQ1_Черно-красный
5353371:641#EQYZJK03094_DQ1_Оранжевый
4986760:584#EQYZT00018_DQ1_Белый
4986817:695#EQYZT03175_DQ1_Темно-синий
4986821:674#EQYZT03603_DQ1_Голубой
4986913:584#EQYZT03689_DQ1_Белый
5353332:675#ERGFT03166_DQ1_Синий
4986805:157207#ERGNP03003_DQ1_Молочный
4986804:675#ERGP03024_DQ1_Синий
5353464:603#ERGTP03001_DQ1_Бордовый
5066673:597#ERGZT03028_DQ1_Синий
4987119:621#ERJDP03037_DQ1_Комбинированый
5353450:157206#ERJDP03107_DQ1_Светло-коричневый
5055303:675#ERJDP03123_DQ1_Синий
5353455:702#ERJJK03008_DQ1_Черный
5353442:702#ERJJK03097_DQ1_Черный
5353428:702#ERJJK03139_DQ1_Черный
4986996:694#ERJK04556_DQ1_Серый
5055259:651#ERJKD03005_DQ1_Розовый
4986970:674#ERJNP03023_DQ1_Серый
4986922:653#ERJR00000_Салатовый
5353427:639#ERJSF03077_DQ1_Оливковый
5353456:584#ERJSW03052_DQ1_Белый
5353447:674#ERJTJ00029_DQ1_Серый
5353430:584#ERJTJ03001_DQ1_Бело-черный
5353444:702#ERJTJ03015_DQ1_Черный
5353443:702#ERJTJ03054_DQ1_Черный
5353449:641#ERJTJ03059_DQ1_Оранжевый
5353468:584#ERJTP03020_DQ1_Белый
4986947:654#ERJWD03110_DQ1_Комбинированый
5055246:702#ERJWD0314_DQ1_Черный
5055199:675#ERJWT03099_DQ1_Сине-белый
4986972:698#ERJWT03099_DQ1_Фиолетово-синий
4986855:675#ERJX603014_DQ1_Сине-серый
4986998:674#ERJZT003122_DQ1_Серый
4986774:654#ERJZT03098_DQ1_Молочный
4986971:667#ERJZT03109_DQ1_Светло-серый
4986999:641#ERJZT03125_DQ1_Оранжевый
4986772:675#ERJZT03126_DQ1_Синий
4986984:586#ERJZT03276_DQ1_Бирюзовый
4986992:699#ERJZT03293-DQ1_Светло-бирюзовый
4986980:658#ERJZT03516_DQ1_Светло-желтый
4986949:654#ERJZT03527_DQ1_Светло-розовый
4986948:668#ERJZTO03110_DQ1_Светло-синий
5353334:674#ERLSW03014_DQ1_Серый
5353331:621#ERLTJ03000_DQ1_Черно-белый
5054983:634#GDJZT03011_DQ1_Темно-голубой
4986810:608#KMFJE902_DQ1_Голубой
4986941:584#KPWJE503_DQ1_Белый
5353431:582#KPWSP044_DQ1_Серый
4986818:586#KRMSH143_DQ1_Комбинированый
4986938:157207#KRWSH123_DQ1_Молочный
5353470:702#KVJO_DQ1_Черный
4986828:702#LKMJE642_DQ1_Черный
5066665:668#OUIKSUM028_DQ1_Сине-голубой
5353433:695#QJWPT042_DQ1_Темно-синий
5353409:694#QUIK000_DQ1_Темно-серый
5353410:674#QUIK111_DQ1_Сине-серый
4986892:702#QUIKSUM005_DQ1_Черный
4986937:675#QUIKSUM009_DQ1_Синий
5055054:675#QUIKSUM010_DQ1_Синий
5066662:702#QUIKSUM012_DQ1_Черный
5353379:702#QUIKSUM018_DQ1_Черный
5055088:686#QUIKSUM022_DQ1_Темно-зеленый
5055093:702#QUIKSUM023_DQ1_Черный
5055100:676#QUIKSUM029_DQ1_Сиреневый
5055104:675#QUIKSUM030_DQ1_Синий
5055105:675#QUIKSUM032_DQ1_Синий
5353402:702#QUIKSUM077_DQ1_Черный
5353391:695#QUIKSUM078_DQ1_Темно-синий
5353393:674#QUIKWINT0011_DQ1_Серый
5055286:695#RETYKJ65281_DQ1_Синий
4986959:667#RKJT03367_DQ1_Светло-серый
4986952:157207#RN114199_DQ1_Молочный
4986902:675#RN114199_DQ1_Синий
4986936:624#RN87370_DQ1_Красный
4986935:695#RN87370_DQ1_Темно-синий
5353466:674#ROXY01_DQ1_Серый
4986918:674#roxy1_DQ1_Серый
4986919:667#roxy2_DQ1_Серо-синий
4986920:608#roxy3w_Голубо-белый
5353446:651#ROXY445566_DQ1_Розовый
5353469:696#ROXY777_DQ1_Темно-фиолетовый
5055245:608#ROXYBLU_DQ1_Голубой
5055267:584#ROXYBW_DQ1_Бело-черный
4986746:613#roxyellow_DQ1_Желтый
5353346:701#roxyg45_DQ1_Хаки
5066674:584#ROXYW_DQ1_Белый
4987070:674#RS54318_DQ1_Комбинированый
4987131:675#RX01_DQ1_Синий
5353434:694#TQIKF5543_DQ1_Темно-серый
4986767:702#URJZT03051_DQ1_Черный
5055237:675#WPTDR013_DQ1_Синий
5353460:608#WTWSP104_DQ1_Голубой
4987129:668#XAWPT274_DQ1_Светло-синий
5054954:702#XCTPU064_DQ1_Черно-белый
5055202:675#XDWDR017_DQ1_Черно-синий
4986854:157207#XDWSW017_DQ1_Белый
4986769:674#XGWJE932_Серый
4986963:624#XMWSH043_DQ1_Розово-белый
5055289:695#XRWPT272_DQ1_Темно-синий
5353461:623#XRWPX804_DQ1_Коричневый
5055006:695#XWWPT192_DQ1_Темно-синий
4859029:694#С-0123_Серый
4859030:702#С-399-2330_Черный
5501758:694#100873_Темно-серый
5501797:675#105923_Синий
5501795:702#105924_Черный
5501796:674#105925_Темно-бежевый
5501784:645#160_Песочный
5501801:695#160_Темно-синий
5501793:694#2687018_Черно-серый
5501792:702#38814_Черный
5501788:702#42157_Черный
5501790:702#42651_Черный
5501798:702#44901_Черный
5501791:674#45120_Черный
5501800:695#45506_Темно-синий
5501805:702#45506_Черный
5501803:702#46335_Черный
5501762:624#46441_Красный
5501822:702#47360_Черный
5501799:702#47453_Черный
5501804:624#48193_Красный
5501771:702#50094_Черный
5501770:695#50974_Темно-синий
5501802:624#51460_Красный
5501760:675#51460_Синий
5501768:675#51640_Синий
5501789:695#6108_Темно-синий
5501785:623#BO1_Коричневый
5501786:623#BO2_Темно-зеленый
5054995:673#DC027_DQ1_Бело-синий
5054988:674#DCGREY_DQ1_Черно-серый
5054976:695#DENIM001_DQ1_Темно-синий
5353347:702#EDYJK03036_DQ1_Черный
5353368:603#EDYUSW03010_DQ1_Бордово-серый
5353362:624#EDYWT00013_DQ1_Красно-синий
4986833:584#EDYZT00111_DQ1_Белый
4986853:702#EQYDP03121_DQ1_Черный
4986852:675#EQYDP03131_DQ1_Синий
4986901:608#EQYKT03328_DQ1_Бело-голубой
5353392:694#EQYTJ00072_DQ1_Темно-серый
5353457:584#ERJFT03146_DQ1_Красно-белый
4986778:157207#ERJKT03064_DQ1_Молочный
5501787:686#K4_Темно-зеленый
5501836:702#K4_Черный
5055107:695#QUIKSUM041_DQ1_Синий